   Compiling godot-core v0.4.4 (/app/godot-core)
   Compiling godot v0.4.4 (/app/godot)
    Finished `test` profile [unoptimized + debuginfo] target(s) in 26.89s
     Running unittests src/lib.rs (target/debug/deps/godot_core-837fbba54a9dc6f6)

running 1 test
test builtin::strings::gstring::test_gstring_parity ... FAILED

failures:

---- builtin::strings::gstring::test_gstring_parity stdout ----

thread 'builtin::strings::gstring::test_gstring_parity' (638418) panicked at godot-ffi/src/lib.rs:552:5:
Godot engine not available; make sure you are not calling it from unit/doc tests
note: run with `RUST_BACKTRACE=1` environment variable to display a backtrace


failures:
    builtin::strings::gstring::test_gstring_parity

test result: FAILED. 0 passed; 1 failed; 0 ignored; 0 measured; 108 filtered out; finished in 0.00s

error: test failed, to rerun pass `-p godot-core --lib`
